<?xml version="1.0" encoding="UTF-8"?>
<testsuite xmlns:xsi="http://www.w3.org/2001/XMLSchema-instance" xsi:noNamespaceSchemaLocation="https://maven.apache.org/surefire/maven-surefire-plugin/xsd/surefire-test-report-3.0.xsd" version="3.0" name="LoginServiceTest" time="0.101" tests="4" errors="0" skipped="0" failures="0">
  <properties>
[...]
</properties>
  <testcase name="testLoginWithNullFields" classname="LoginServiceTest" time="0.054"/>
  <testcase name="testLoginWithValidCredentials" classname="LoginServiceTest" time="0.002"/>
  <testcase name="testLoginWithEmptyFields" classname="LoginServiceTest" time="0.001"/>
  <testcase name="testLoginWithInvalidCredentials" classname="LoginServiceTest" time="0.001"/>
</testsuite>